Abolition of Bridge Tolls (Scotland) Act;year=2008;context=http://www.legislation.gov.uk/id/asp/2008/1
Abolition of Feudal Tenure etc. (Scotland) Act;year=2000;context=http://www.legislation.gov.uk/id/asp/2000/5
Abolition of Poindings and Warrant Sales Act 2001 (repealed);context=http://www.legislation.gov.uk/id/asp/2001/1
Adjudication Act;year=1621;context=http://www.legislation.gov.uk/id/aosp/1621/7
Adjudications Act;year=1672;context=http://www.legislation.gov.uk/id/aosp/1672/45
Adoption and Children (Scotland) Act;year=2007;context=http://www.legislation.gov.uk/id/asp/2007/4
Adult Support and Protection (Scotland) Act;year=2007;context=http://www.legislation.gov.uk/id/asp/2007/10
Adults with Incapacity (Scotland) Act;year=2000;context=http://www.legislation.gov.uk/id/asp/2000/4
Agricultural Holdings (Scotland) Act;year=2003;context=http://www.legislation.gov.uk/id/asp/2003/11
Airdrie-Bathgate Railway and Linked Improvements Act;year=2007;context=http://www.legislation.gov.uk/id/asp/2007/19
Alcohol etc. (Scotland) Act;year=2010;context=http://www.legislation.gov.uk/id/asp/2010/18
Animal Health and Welfare (Scotland) Act;year=2006;context=http://www.legislation.gov.uk/id/asp/2006/11
Ann Act;year=1672;context=http://www.legislation.gov.uk/id/aosp/1672/24
Antisocial Behaviour etc. (Scotland) Act;year=2004;context=http://www.legislation.gov.uk/id/asp/2004/8
Aquaculture and Fisheries (Scotland) Act;year=2007;context=http://www.legislation.gov.uk/id/asp/2007/12
Arbitration (Scotland) Act;year=2010;context=http://www.legislation.gov.uk/id/asp/2010/1
Arrestments Act;year=1617;context=http://www.legislation.gov.uk/id/aosp/1617/17
Arrestments Act;year=1661;context=http://www.legislation.gov.uk/id/aosp/1661/283
Bail, Judicial Appointments etc. (Scotland) Act;year=2000;context=http://www.legislation.gov.uk/id/asp/2000/9
Baird Trust Reorganisation Act;year=2005;context=http://www.legislation.gov.uk/id/asp/2005/11
Bankruptcy and Diligence etc. (Scotland) Act;year=2007;context=http://www.legislation.gov.uk/id/asp/2007/3
Bills of Exchange Act;year=1681;context=http://www.legislation.gov.uk/id/aosp/1681/86
Blank Bonds and Trusts Act 1696 (repealed);context=http://www.legislation.gov.uk/id/aosp/1696/25
Bonds Act;year=1661;context=http://www.legislation.gov.uk/id/aosp/1661/244
Breach of Arrestment Act;year=1581;context=http://www.legislation.gov.uk/id/aosp/1581/23
Breastfeeding etc. (Scotland) Act;year=2005;context=http://www.legislation.gov.uk/id/asp/2005/1
Budget (Scotland) Act;year=2000;context=http://www.legislation.gov.uk/id/asp/2000/2
Budget (Scotland) Act;year=2001;context=http://www.legislation.gov.uk/id/asp/2001/4
Budget (Scotland) Act;year=2002;context=http://www.legislation.gov.uk/id/asp/2002/7
Budget (Scotland) Act;year=2003;context=http://www.legislation.gov.uk/id/asp/2003/6
Budget (Scotland) Act;year=2004;context=http://www.legislation.gov.uk/id/asp/2004/2
Budget (Scotland) Act;year=2005;context=http://www.legislation.gov.uk/id/asp/2005/4
Budget (Scotland) Act;year=2006;context=http://www.legislation.gov.uk/id/asp/2006/5
Budget (Scotland) Act;year=2007;context=http://www.legislation.gov.uk/id/asp/2007/9
Budget (Scotland) Act;year=2008;context=http://www.legislation.gov.uk/id/asp/2008/2
Budget (Scotland) Act;year=2009;context=http://www.legislation.gov.uk/id/asp/2009/2
Budget (Scotland) Act;year=2011;context=http://www.legislation.gov.uk/id/asp/2011/4
Building (Scotland) Act;year=2003;context=http://www.legislation.gov.uk/id/asp/2003/8
Burghs Act;year=1578;context=http://www.legislation.gov.uk/id/aosp/1578/11
Burghs Act;year=1587;context=http://www.legislation.gov.uk/id/aosp/1587/114
Census (Amendment) (Scotland) Act;year=2000;context=http://www.legislation.gov.uk/id/asp/2000/3
Certification of Death (Scotland) Act;year=2011;context=http://www.legislation.gov.uk/id/asp/2011/11
Charities and Trustee Investment (Scotland) Act;year=2005;context=http://www.legislation.gov.uk/id/asp/2005/10
Children's Hearings (Scotland) Act;year=2011;context=http://www.legislation.gov.uk/id/asp/2011/1
Christmas Day and New Year's Day Trading (Scotland) Act;year=2007;context=http://www.legislation.gov.uk/id/asp/2007/13
Church Act;year=1579;context=http://www.legislation.gov.uk/id/aosp/1579/6
Church Jurisdiction Act;year=1567;context=http://www.legislation.gov.uk/id/aosp/1567/12
Church Jurisdiction Act;year=1589;context=http://www.legislation.gov.uk/id/aosp/1579/7
Citation Act;year=1592;context=http://www.legislation.gov.uk/id/aosp/1592/59
Citation Act;year=1686;context=http://www.legislation.gov.uk/id/aosp/1686/5
Citation Act;year=1693;context=http://www.legislation.gov.uk/id/aosp/1693/21
Claim of Right Act;year=1689;context=http://www.legislation.gov.uk/id/aosp/1689/28
Climate Change (Scotland) Act;year=2009;context=http://www.legislation.gov.uk/id/asp/2009/12
College of Justice Act;year=1532;context=http://www.legislation.gov.uk/id/aosp/1532/2
Commissioner for Children and Young People (Scotland) Act;year=2003;context=http://www.legislation.gov.uk/id/asp/2003/17
Common Good Act;year=1491;context=http://www.legislation.gov.uk/id/aosp/1491/19
Community Care and Health (Scotland) Act;year=2002;context=http://www.legislation.gov.uk/id/asp/2002/5
Compensation Act;year=1592;context=http://www.legislation.gov.uk/id/aosp/1592/61
Confession of Faith Ratification Act;year=1560;context=http://www.legislation.gov.uk/id/aosp/1560/1
Confession of Faith Ratification Act;year=1690;context=http://www.legislation.gov.uk/id/aosp/1690/7
Confirmation Act;year=1690;context=http://www.legislation.gov.uk/id/aosp/1690/56
Confirmation Act;year=1695;context=http://www.legislation.gov.uk/id/aosp/1695/72
Convention Rights (Compliance) (Scotland) Act;year=2001;context=http://www.legislation.gov.uk/id/asp/2001/7
Convention Rights Proceedings (Amendment) (Scotland) Act;year=2009;context=http://www.legislation.gov.uk/id/asp/2009/11
Coronation Oath Act;year=1567;context=http://www.legislation.gov.uk/id/aosp/1567/8
Council of the Law Society of Scotland Act;year=2003;context=http://www.legislation.gov.uk/id/asp/2003/14
Court of Session Act;year=1693;context=http://www.legislation.gov.uk/id/aosp/1693/42
Courts Act;year=1672;context=http://www.legislation.gov.uk/id/aosp/1672/40
Criminal Justice (Scotland) Act;year=2003;context=http://www.legislation.gov.uk/id/asp/2003/7
Criminal Letters;year=1579;context=http://www.legislation.gov.uk/id/aosp/1579/16
Criminal Procedure (Amendment) (Scotland) Act;year=2002;context=http://www.legislation.gov.uk/id/asp/2002/4
Criminal Procedure (Amendment) (Scotland) Act;year=2004;context=http://www.legislation.gov.uk/id/asp/2004/5
Criminal Procedure Act;year=1701;context=http://www.legislation.gov.uk/id/aosp/1701/6
Criminal Proceedings etc. (Reform) (Scotland) Act;year=2007;context=http://www.legislation.gov.uk/id/asp/2007/6
Crofting Reform etc. Act;year=2007;context=http://www.legislation.gov.uk/id/asp/2007/7
Crown Appointments Act;year=1661;context=http://www.legislation.gov.uk/id/aosp/1661/6
Crown Proceedings Act;year=1600;context=http://www.legislation.gov.uk/id/aosp/1600/23
Curators Act 1585 [S] (repealed);context=http://www.legislation.gov.uk/id/aosp/1585/25
Custodial Sentences and Weapons (Scotland) Act;year=2007;context=http://www.legislation.gov.uk/id/asp/2007/17
Damages (Asbestos-related Conditions) (Scotland) Act;year=2009;context=http://www.legislation.gov.uk/id/asp/2009/4
Damages (Scotland) Act;year=2011;context=http://www.legislation.gov.uk/id/asp/2011/7
Debt Arrangement and Attachment (Scotland) Act;year=2002;context=http://www.legislation.gov.uk/id/asp/2002/17
Declinature Act;year=1681;context=http://www.legislation.gov.uk/id/aosp/1681/79
Decrees in Absence Act;year=1584;context=http://www.legislation.gov.uk/id/aosp/1584/10
Deeds Act 1696 (repealed);context=http://www.legislation.gov.uk/id/aosp/1696/15
Deforcement Act;year=1592;context=http://www.legislation.gov.uk/id/aosp/1592/72
Diligence Act;year=1469;context=http://www.legislation.gov.uk/id/aosp/1469/12
Diligence Act;year=1621;context=http://www.legislation.gov.uk/id/aosp/1621/6
Diligence Act;year=1661;context=http://www.legislation.gov.uk/id/aosp/1661/344
Disabled Persons' Parking Places (Scotland) Act;year=2009;context=http://www.legislation.gov.uk/id/asp/2009/3
Disqualification of Ministers Act;year=1584;context=http://www.legislation.gov.uk/id/aosp/1584/6
Division of Commonties Act;year=1695;context=http://www.legislation.gov.uk/id/aosp/1695/69
Dog Fouling (Scotland) Act;year=2003;context=http://www.legislation.gov.uk/id/asp/2003/12
Domestic Abuse (Scotland) Act;year=2011;context=http://www.legislation.gov.uk/id/asp/2011/13
Double Jeopardy (Scotland) Act;year=2011;context=http://www.legislation.gov.uk/id/asp/2011/16
Edinburgh Airport Rail Link Act;year=2007;context=http://www.legislation.gov.uk/id/asp/2007/16
Edinburgh Tram (Line One) Act;year=2006;context=http://www.legislation.gov.uk/id/asp/2006/7
Edinburgh Tram (Line Two) Act;year=2006;context=http://www.legislation.gov.uk/id/asp/2006/6
Education (Additional Support for Learning) (Scotland) Act;year=2004;context=http://www.legislation.gov.uk/id/asp/2004/4
Education (Additional Support for Learning) (Scotland) Act;year=2009;context=http://www.legislation.gov.uk/id/asp/2009/7
Education (Disability Strategies and Pupils’ Educational Records) (Scotland) Act;year=2002;context=http://www.legislation.gov.uk/id/asp/2002/12
Education (Graduate Endowment and Student Support) (Scotland) Act;year=2001;context=http://www.legislation.gov.uk/id/asp/2001/6
Education (School Meals) (Scotland) Act;year=2003;context=http://www.legislation.gov.uk/id/asp/2003/18
Education and Training (Scotland) Act;year=2000;context=http://www.legislation.gov.uk/id/asp/2000/8
Ejection Caution Act;year=1594;context=http://www.legislation.gov.uk/id/aosp/1594/27
Election Act;year=1707;context=http://www.legislation.gov.uk/id/aosp/1707/8
Emergency Workers (Scotland) Act;year=2005;context=http://www.legislation.gov.uk/id/asp/2005/2
Entail Act;year=1685;context=http://www.legislation.gov.uk/id/aosp/1685/26
Environmental Assessment (Scotland) Act;year=2005;context=http://www.legislation.gov.uk/id/asp/2005/15
Erskine Bridge Tolls Act;year=2001;context=http://www.legislation.gov.uk/id/asp/2001/12
Ethical Standards in Public Life etc. (Scotland) Act;year=2000;context=http://www.legislation.gov.uk/id/asp/2000/7
Executors Act;year=1617;context=http://www.legislation.gov.uk/id/aosp/1617/14
Expenses Act;year=1592;context=http://www.legislation.gov.uk/id/aosp/1592/62
Family Law (Scotland) Act;year=2006;context=http://www.legislation.gov.uk/id/asp/2006/2
Feu-duty Act;year=1597;context=http://www.legislation.gov.uk/id/aosp/1597/17
Fire (Scotland) Act;year=2005;context=http://www.legislation.gov.uk/id/asp/2005/5
Fisheries Act;year=1705;context=http://www.legislation.gov.uk/id/aosp/1705/48
Flood Risk Management (Scotland) Act;year=2009;context=http://www.legislation.gov.uk/id/asp/2009/6
Forced Marriage etc. (Protection and Jurisdiction) (Scotland) Act;year=2011;context=http://www.legislation.gov.uk/id/asp/2011/15
Forth Crossing Act;year=2011;context=http://www.legislation.gov.uk/id/asp/2011/2
Freedom of Information (Scotland) Act;year=2002;context=http://www.legislation.gov.uk/id/asp/2002/13
Fur Farming (Prohibition) (Scotland) Act;year=2002;context=http://www.legislation.gov.uk/id/asp/2002/10
Further and Higher Education (Scotland) Act;year=2005;context=http://www.legislation.gov.uk/id/asp/2005/6
Gaelic Language (Scotland) Act;year=2005;context=http://www.legislation.gov.uk/id/asp/2005/7
General Assembly Act;year=1592;context=http://www.legislation.gov.uk/id/aosp/1592/8
Glasgow Airport Rail Link Act;year=2007;context=http://www.legislation.gov.uk/id/asp/2007/1
Glasgow Commonwealth Games Act;year=2008;context=http://www.legislation.gov.uk/id/asp/2008/4
Graduate Endowment Abolition (Scotland) Act;year=2008;context=http://www.legislation.gov.uk/id/asp/2008/3
Health Boards (Membership and Elections) (Scotland) Act;year=2009;context=http://www.legislation.gov.uk/id/asp/2009/5
Historic Environment (Amendment) (Scotland) Act;year=2011;context=http://www.legislation.gov.uk/id/asp/2011/3
Homelessness etc. (Scotland) Act;year=2003;context=http://www.legislation.gov.uk/id/asp/2003/10
Housing (Scotland) Act;year=2001;context=http://www.legislation.gov.uk/id/asp/2001/10
Housing (Scotland) Act;year=2006;context=http://www.legislation.gov.uk/id/asp/2006/1
Housing (Scotland) Act;year=2010;context=http://www.legislation.gov.uk/id/asp/2010/17
Human Tissue (Scotland) Act;year=2006;context=http://www.legislation.gov.uk/id/asp/2006/4
Inland Bills Act;year=1696;context=http://www.legislation.gov.uk/id/aosp/1696/38
Interests of Members of the Scottish Parliament Act;year=2006;context=http://www.legislation.gov.uk/id/asp/2006/12
International Criminal Court (Scotland) Act;year=2001;context=http://www.legislation.gov.uk/id/asp/2001/13
Joint Inspection of Children's Services and Inspection of Social Work Services (Scotland) Act;year=2006;context=http://www.legislation.gov.uk/id/asp/2006/3
Judiciary and Courts (Scotland) Act;year=2008;context=http://www.legislation.gov.uk/id/asp/2008/6
Kirk Dykes Act;year=1597;context=http://www.legislation.gov.uk/id/aosp/1597/3
Land Purchase Act;year=1594;context=http://www.legislation.gov.uk/id/aosp/1594/26
Land Reform (Scotland) Act;year=2003;context=http://www.legislation.gov.uk/id/asp/2003/2
Lands Redemption Act;year=1555;context=http://www.legislation.gov.uk/id/aosp/1555/3
Lawburrows Act;year=1429;context=http://www.legislation.gov.uk/id/aosp/1429/20
Lawburrows Act;year=1581;context=http://www.legislation.gov.uk/id/aosp/1581/22
Lawburrows Act;year=1597;context=http://www.legislation.gov.uk/id/aosp/1597/40
Leasehold Casualties (Scotland) Act;year=2001;context=http://www.legislation.gov.uk/id/asp/2001/5
Leases Act;year=1449;context=http://www.legislation.gov.uk/id/aosp/1449/6
Leases Act;year=1491;context=http://www.legislation.gov.uk/id/aosp/1491/7
Legal Profession and Legal Aid (Scotland) Act;year=2007;context=http://www.legislation.gov.uk/id/asp/2007/5
Legal Services (Scotland) Act;year=2010;context=http://www.legislation.gov.uk/id/asp/2010/16
Licensing (Scotland) Act;year=2005;context=http://www.legislation.gov.uk/id/asp/2005/16
Liferent Caution Act;year=1491;context=http://www.legislation.gov.uk/id/aosp/1491/6
Liferent Caution Act;year=1535;context=http://www.legislation.gov.uk/id/aosp/1535/14
Local Electoral Administration (Scotland) Act;year=2011;context=http://www.legislation.gov.uk/id/asp/2011/10
Local Electoral Administration and Registration Services (Scotland) Act;year=2006;context=http://www.legislation.gov.uk/id/asp/2006/14
Local Governance (Scotland) Act;year=2004;context=http://www.legislation.gov.uk/id/asp/2004/9
Local Government in Scotland Act;year=2003;context=http://www.legislation.gov.uk/id/asp/2003/1
Lyon King of Arms Act;context=http://www.legislation.gov.uk/id/aosp/1669/95
Lyon King of Arms Act;context=http://www.legislation.gov.uk/id/aosp/1672/47
Lyon King of Arms Act;year=1592;context=http://www.legislation.gov.uk/id/aosp/1592/29
Management of Offenders etc. (Scotland) Act;year=2005;context=http://www.legislation.gov.uk/id/asp/2005/14
March Dykes Act;context=http://www.legislation.gov.uk/id/aosp/1661/284
March Dykes Act;year=1669;context=http://www.legislation.gov.uk/id/aosp/1669/38
Marine (Scotland) Act;year=2010;context=http://www.legislation.gov.uk/id/asp/2010/5
Marriage (Scotland) Act;year=2002;context=http://www.legislation.gov.uk/id/asp/2002/8
Mental Health (Care and Treatment) (Scotland) Act;year=2003;context=http://www.legislation.gov.uk/id/asp/2003/13
Mental Health (Public Safety and Appeals) (Scotland) Act;year=1999;context=http://www.legislation.gov.uk/id/asp/1999/1
Mines And Metals Act;year=1592;context=http://www.legislation.gov.uk/id/aosp/1592/31
Ministers Act;year=1693;context=http://www.legislation.gov.uk/id/aosp/1693/38
Minority Act 1663 [S];context=http://www.legislation.gov.uk/id/aosp/1663/4
Mortgage Rights (Scotland) Act;year=2001;context=http://www.legislation.gov.uk/id/asp/2001/11
National Galleries of Scotland Act;year=2003;context=http://www.legislation.gov.uk/id/asp/2003/16
National Health Service Reform (Scotland) Act;year=2004;context=http://www.legislation.gov.uk/id/asp/2004/7
National Parks (Scotland) Act;year=2000;context=http://www.legislation.gov.uk/id/asp/2000/10
Nature Conservation (Scotland) Act;year=2004;context=http://www.legislation.gov.uk/id/asp/2004/6
Oaths of Minors Act 1681(repealed 25.9.1991);context=http://www.legislation.gov.uk/id/aosp/1681/85
Offences (Aggravation by Prejudice) (Scotland) Act;year=2009;context=http://www.legislation.gov.uk/id/asp/2009/8
Papal Jurisdiction Act;year=1560;context=http://www.legislation.gov.uk/id/aosp/1560/2
Parliament Act;year=1661;context=http://www.legislation.gov.uk/id/aosp/1661/7
Parricide Act;year=1594;context=http://www.legislation.gov.uk/id/aosp/1594/30
Patient Rights (Scotland) Act;year=2011;context=http://www.legislation.gov.uk/id/asp/2011/5
Planning etc. (Scotland) Act;year=2006;context=http://www.legislation.gov.uk/id/asp/2006/17
Police and Fire Services (Finance) (Scotland) Act;year=2001;context=http://www.legislation.gov.uk/id/asp/2001/15
Police, Public Order and Criminal Justice (Scotland) Act;year=2006;context=http://www.legislation.gov.uk/id/asp/2006/10
Precedence Act;year=1661;context=http://www.legislation.gov.uk/id/aosp/1661/211
Prelacy Act;year=1689;context=http://www.legislation.gov.uk/id/aosp/1689/4
Prerogative Act;year=1661;context=http://www.legislation.gov.uk/id/aosp/1661/13
Primary Medical Services (Scotland) Act;year=2004;context=http://www.legislation.gov.uk/id/asp/2004/1
Private Rented Housing (Scotland) Act;year=2011;context=http://www.legislation.gov.uk/id/asp/2011/14
Prohibition of Female Genital Mutilation (Scotland) Act;year=2005;context=http://www.legislation.gov.uk/id/asp/2005/8
Property Factors (Scotland) Act;year=2011;context=http://www.legislation.gov.uk/id/asp/2011/8
Prostitution (Public Places) (Scotland) Act;year=2007;context=http://www.legislation.gov.uk/id/asp/2007/11
Protection from Abuse (Scotland) Act;year=2001;context=http://www.legislation.gov.uk/id/asp/2001/14
Protection of Children (Scotland) Act;year=2003;context=http://www.legislation.gov.uk/id/asp/2003/5
Protection of Children and Prevention of Sexual Offences (Scotland) Act;year=2005;context=http://www.legislation.gov.uk/id/asp/2005/9
Protection of Vulnerable Groups (Scotland) Act;year=2007;context=http://www.legislation.gov.uk/id/asp/2007/14
Protection of Wild Mammals (Scotland) Act;year=2002;context=http://www.legislation.gov.uk/id/asp/2002/6
Protestant Religion and Presbyterian Church Act;year=1707;context=http://www.legislation.gov.uk/id/aosp/1707/6
Public Appointments and Public Bodies etc. (Scotland) Act;year=2003;context=http://www.legislation.gov.uk/id/asp/2003/4
Public Finance and Accountability (Scotland) Act;year=2000;context=http://www.legislation.gov.uk/id/asp/2000/1
Public Health etc. (Scotland) Act;year=2008;context=http://www.legislation.gov.uk/id/asp/2008/5
Public Records (Scotland) Act;year=2011;context=http://www.legislation.gov.uk/id/asp/2011/12
Public Services Reform (Scotland) Act;year=2010;context=http://www.legislation.gov.uk/id/asp/2010/8
Real Rights Act;year=1693;context=http://www.legislation.gov.uk/id/aosp/1693/22
Redemptions Act;year=1661;context=http://www.legislation.gov.uk/id/aosp/1661/247
Register of Sasines Act;context=http://www.legislation.gov.uk/id/aosp/1693/23
Registration Act 1698 (repealed);context=http://www.legislation.gov.uk/id/aosp/1698/4
Registration Act;year=1617;context=http://www.legislation.gov.uk/id/aosp/1617/16
Registration Act;year=1661;context=http://www.legislation.gov.uk/id/aosp/1661/243
Registration Act;year=1693;context=http://www.legislation.gov.uk/id/aosp/1693/24
Registration Act;year=1696;context=http://www.legislation.gov.uk/id/aosp/1696/41
Regulation of Care (Scotland) Act;year=2001;context=http://www.legislation.gov.uk/id/asp/2001/8
Regulation of Investigatory Powers (Scotland) Act;year=2000;context=http://www.legislation.gov.uk/id/asp/2000/11
Removings Act;year=1693;context=http://www.legislation.gov.uk/id/aosp/1693/40
Reservoirs (Scotland) Act;year=2011;context=http://www.legislation.gov.uk/id/asp/2011/9
Reversion Act;year=1469;context=http://www.legislation.gov.uk/id/aosp/1469/3
Rights of Relatives to Damages (Mesothelioma) (Scotland) Act;year=2007;context=http://www.legislation.gov.uk/id/asp/2007/18
Robin Rigg Offshore Wind Farm (Navigation and Fishing) (Scotland) Act;year=2003;context=http://www.legislation.gov.uk/id/asp/2003/19
Royal Burghs Act;year=1487;context=http://www.legislation.gov.uk/id/aosp/1487/17
Royal Mines Act;year=1424;context=http://www.legislation.gov.uk/id/aosp/1424/13
Runrig Lands Act;context=http://www.legislation.gov.uk/id/aosp/1695/36
Salmon Conservation (Scotland) Act;year=2001;context=http://www.legislation.gov.uk/id/asp/2001/3
Salmon and Freshwater Fisheries (Consolidation) (Scotland) Act;year=2003;context=http://www.legislation.gov.uk/id/asp/2003/15
School Education (Amendment) (Scotland) Act;year=2002;context=http://www.legislation.gov.uk/id/asp/2002/2
School Education (Ministerial Powers and Independent Schools) (Scotland) Act;year=2004;context=http://www.legislation.gov.uk/id/asp/2004/12
Schools (Consultation) (Scotland) Act;year=2010;context=http://www.legislation.gov.uk/id/asp/2010/2
Schools (Health Promotion and Nutrition) (Scotland) Act;year=2007;context=http://www.legislation.gov.uk/id/asp/2007/15
Scottish Commission for Human Rights Act;year=2006;context=http://www.legislation.gov.uk/id/asp/2006/16
Scottish Local Authorities (Tendering) Act;year=2001;context=http://www.legislation.gov.uk/id/asp/2001/9
Scottish Local Government (Elections) Act;year=2002;context=http://www.legislation.gov.uk/id/asp/2002/1
Scottish Local Government (Elections) Act;year=2009;context=http://www.legislation.gov.uk/id/asp/2009/10
Scottish Parliamentary Pensions Act;year=2009;context=http://www.legislation.gov.uk/id/asp/2009/1
Scottish Parliamentary Standards Commissioner Act;year=2002;context=http://www.legislation.gov.uk/id/asp/2002/16
Scottish Public Services Ombudsman Act;year=2002;context=http://www.legislation.gov.uk/id/asp/2002/11
Scottish Qualifications Authority Act;year=2002;context=http://www.legislation.gov.uk/id/asp/2002/14
Scottish Register of Tartans Act;year=2008;context=http://www.legislation.gov.uk/id/asp/2008/7
Scottish Schools (Parental Involvement) Act;year=2006;context=http://www.legislation.gov.uk/id/asp/2006/8
Sea Fisheries (Shellfish) Amendment (Scotland) Act;year=2000;context=http://www.legislation.gov.uk/id/asp/2000/12
Senior Judiciary (Vacancies and Incapacity) (Scotland) Act;year=2006;context=http://www.legislation.gov.uk/id/asp/2006/9
Sexual Offences (Procedure and Evidence) (Scotland) Act;year=2002;context=http://www.legislation.gov.uk/id/asp/2002/9
Sexual Offences (Scotland) Act;year=2009;context=http://www.legislation.gov.uk/id/asp/2009/9
Smoking, Health and Social Care (Scotland) Act;year=2005;context=http://www.legislation.gov.uk/id/asp/2005/13
Sovereignty Act;year=1584;context=http://www.legislation.gov.uk/id/aosp/1584/2
Sovereignty Act;year=1606;context=http://www.legislation.gov.uk/id/aosp/1606/1
Sovereignty Act;year=1633;context=http://www.legislation.gov.uk/id/aosp/1633/3
St Andrew's Day Bank Holiday (Scotland) Act;year=2007;context=http://www.legislation.gov.uk/id/asp/2007/2
Standards in Scotland’s Schools etc. Act;year=2000;context=http://www.legislation.gov.uk/id/asp/2000/6
Stirling-Alloa-Kincardine Railway and Linked Improvements Act;year=2004;context=http://www.legislation.gov.uk/id/asp/2004/10
Subscription of Deeds Act 1579 (repealed);context=http://www.legislation.gov.uk/id/aosp/1579/18
Subscription of Deeds Act 1681 (repealed);context=http://www.legislation.gov.uk/id/aosp/1681/5
Teinds Act;year=1690;context=http://www.legislation.gov.uk/id/aosp/1690/63
Tenements (Scotland) Act;year=2004;context=http://www.legislation.gov.uk/id/asp/2004/11
Theft Act;year=1607;context=http://www.legislation.gov.uk/id/aosp/1607/6
Title Conditions (Scotland) Act;year=2003;context=http://www.legislation.gov.uk/id/asp/2003/9
Tobacco and Primary Medical Services (Scotland) Act;year=2010;context=http://www.legislation.gov.uk/id/asp/2010/3
Tolls Act;year=1587;context=http://www.legislation.gov.uk/id/aosp/1587/37
Tourist Boards (Scotland) Act;year=2006;context=http://www.legislation.gov.uk/id/asp/2006/15
Transport (Scotland) Act;year=2001;context=http://www.legislation.gov.uk/id/asp/2001/2
Transport (Scotland) Act;year=2005;context=http://www.legislation.gov.uk/id/asp/2005/12
Transport and Works (Scotland) Act;year=2007;context=http://www.legislation.gov.uk/id/asp/2007/8
Tutors Act 1474 (repealed 25.9.1991);context=http://www.legislation.gov.uk/id/aosp/1474/6
Tutors and Curators Act 1672 (repealed 25.9.1991);context=http://www.legislation.gov.uk/id/aosp/1672/2
Tutors and Curators Act 1696 (repealed 25.9.1991);context=http://www.legislation.gov.uk/id/aosp/1696/8
Udal Tenure Act;year=1690;context=http://www.legislation.gov.uk/id/aosp/1690/61
Union with England Act;year=1707;context=http://www.legislation.gov.uk/id/aosp/1707/7
University of St. Andrews (Postgraduate Medical Degrees) Act;year=2002;context=http://www.legislation.gov.uk/id/asp/2002/15
Unlawful Jurisdictions Act;year=1584;context=http://www.legislation.gov.uk/id/aosp/1584/4
Ure Elder Fund Transfer and Dissolution Act;year=2010;context=http://www.legislation.gov.uk/id/asp/2010/7
Vitious Intromitters Act;year=1696;context=http://www.legislation.gov.uk/id/aosp/1696/20
Vulnerable Witnesses (Scotland) Act;year=2004;context=http://www.legislation.gov.uk/id/asp/2004/3
Water Environment and Water Services (Scotland) Act;year=2003;context=http://www.legislation.gov.uk/id/asp/2003/3
Water Industry (Scotland) Act;year=2002;context=http://www.legislation.gov.uk/id/asp/2002/3
Water Services etc. (Scotland) Act;year=2005;context=http://www.legislation.gov.uk/id/asp/2005/3
Waverley Railway (Scotland) Act;year=2006;context=http://www.legislation.gov.uk/id/asp/2006/13
Wildlife and Natural Environment (Scotland) Act;year=2011;context=http://www.legislation.gov.uk/id/asp/2011/6
Writs Act;year=1672;context=http://www.legislation.gov.uk/id/aosp/1672/16
Offensive Behaviour at Football and Threatening Communications (Scotland) Act;year=2012;context=http://www.legislation.gov.uk/id/asp/2012/1
Budget (Scotland) Act;year=2012;context=http://www.legislation.gov.uk/id/asp/2012/2
National Library of Scotland Act;year=2012;context=http://www.legislation.gov.uk/id/asp/2012/3
Alcohol (Minimum Pricing) (Scotland) Act;year=2012;context=http://www.legislation.gov.uk/id/asp/2012/4
Land Registration etc. (Scotland) Act;year=2012;context=http://www.legislation.gov.uk/id/asp/2012/5
Agricultural Holdings (Amendment) (Scotland) Act;year=2012;context=http://www.legislation.gov.uk/id/asp/2012/6
Criminal Cases (Punishment and Review) (Scotland) Act;year=2012;context=http://www.legislation.gov.uk/id/asp/2012/7
Police and Fire Reform (Scotland) Act;year=2012;context=http://www.legislation.gov.uk/id/asp/2012/8
Long Leases (Scotland) Act;year=2012;context=http://www.legislation.gov.uk/id/asp/2012/9
Welfare Reform (Further Provision) (Scotland) Act;year=2012;context=http://www.legislation.gov.uk/id/asp/2012/10
Local Government Finance (Unoccupied Properties etc.) (Scotland) Act;year=2012;context=http://www.legislation.gov.uk/id/asp/2012/11
Social Care (Self-directed Support) (Scotland) Act;year=2013;context=http://www.legislation.gov.uk/id/asp/2013/1
Freedom of Information (Amendment) (Scotland) Act;year=2013;context=http://www.legislation.gov.uk/id/asp/2013/2
Scottish Civil Justice Council and Criminal Legal Assistance Act;year=2013;context=http://www.legislation.gov.uk/id/asp/2013/3
Budget (Scotland) Act;year=2013;context=http://www.legislation.gov.uk/id/asp/2013/4
Water Resources (Scotland) Act;year=2013;context=http://www.legislation.gov.uk/id/asp/2013/5
High Hedges (Scotland) Act;year=2013;context=http://www.legislation.gov.uk/id/asp/2013/6
Aquaculture and Fisheries (Scotland) Act;year=2013;context=http://www.legislation.gov.uk/id/asp/2013/7
Forth Road Bridge Act;year=2013;context=http://www.legislation.gov.uk/id/asp/2013/8
National Trust for Scotland (Governance etc.) Act;year=2013;context=http://www.legislation.gov.uk/id/asp/2013/9
Crofting (Amendment) (Scotland) Act;year=2013;context=http://www.legislation.gov.uk/id/asp/2013/10
Land and Buildings Transaction Tax (Scotland) Act;year=2013;context=http://www.legislation.gov.uk/id/asp/2013/11
Post-16 Education (Scotland) Act;year=2013;context=http://www.legislation.gov.uk/id/asp/2013/12
Scottish Independence Referendum (Franchise) Act;year=2013;context=http://www.legislation.gov.uk/id/asp/2013/13
Scottish Independence Referendum Act;year=2013;context=http://www.legislation.gov.uk/id/asp/2013/14
Victims and Witnesses (Scotland) Act;year=2014;context=http://www.legislation.gov.uk/id/asp/2014/1
Landfill Tax (Scotland) Act;year=2014;context=http://www.legislation.gov.uk/id/asp/2014/2
Regulatory Reform (Scotland) Act;year=2014;context=http://www.legislation.gov.uk/id/asp/2014/3
Burrell Collection (Lending and Borrowing) (Scotland) Act;year=2014;context=http://www.legislation.gov.uk/id/asp/2014/4
Marriage and Civil Partnership (Scotland) Act;year=2014;context=http://www.legislation.gov.uk/id/asp/2014/5
Budget (Scotland) Act;year=2014;context=http://www.legislation.gov.uk/id/asp/2014/6
City of Edinburgh Council (Leith Links and Surplus Fire Fund) Act;year=2014;context=http://www.legislation.gov.uk/id/asp/2014/7
Children and Young People (Scotland) Act;year=2014;context=http://www.legislation.gov.uk/id/asp/2014/8
Public Bodies (Joint Working) (Scotland) Act;year=2014;context=http://www.legislation.gov.uk/id/asp/2014/9
Tribunals (Scotland) Act;year=2014;context=http://www.legislation.gov.uk/id/asp/2014/10
Bankruptcy and Debt Advice (Scotland) Act;year=2014;context=http://www.legislation.gov.uk/id/asp/2014/11
Procurement Reform (Scotland) Act;year=2014;context=http://www.legislation.gov.uk/id/asp/2014/12
Buildings (Recovery of Expenses) (Scotland) Act;year=2014;context=http://www.legislation.gov.uk/id/asp/2014/13
Housing (Scotland) Act;year=2014;context=http://www.legislation.gov.uk/id/asp/2014/14
City of Edinburgh Council (Portobello Park) Act;year=2014;context=http://www.legislation.gov.uk/id/asp/2014/15
Revenue Scotland and Tax Powers Act;year=2014;context=http://www.legislation.gov.uk/id/asp/2014/16
Disabled Persons' Parking Badges (Scotland) Act;year=2014;context=http://www.legislation.gov.uk/id/asp/2014/17
Courts Reform (Scotland) Act;year=2014;context=http://www.legislation.gov.uk/id/asp/2014/18
Historic Environment Scotland Act;year=2014;context=http://www.legislation.gov.uk/id/asp/2014/19
Food (Scotland) Act;year=2015;context=http://www.legislation.gov.uk/id/asp/2015/1
Budget (Scotland) Act;year=2015;context=http://www.legislation.gov.uk/id/asp/2015/2
Community Charge Debt (Scotland) Act;year=2015;context=http://www.legislation.gov.uk/id/asp/2015/3
Legal Writings (Counterparts and Delivery) (Scotland) Act;year=2015;context=http://www.legislation.gov.uk/id/asp/2015/4
Welfare Funds (Scotland) Act;year=2015;context=http://www.legislation.gov.uk/id/asp/2015/5
Community Empowerment (Scotland) Act;year=2015;context=http://www.legislation.gov.uk/id/asp/2015/6
Scottish Elections (Reduction of Voting Age) Act;year=2015;context=http://www.legislation.gov.uk/id/asp/2015/7
Prisoners (Control of Release) (Scotland) Act;year=2015;context=http://www.legislation.gov.uk/id/asp/2015/8
Mental Health (Scotland) Act;year=2015;context=http://www.legislation.gov.uk/id/asp/2015/9
Air Weapons and Licensing (Scotland) Act;year=2015;context=http://www.legislation.gov.uk/id/asp/2015/10
British Sign Language (Scotland) Act;year=2015;context=http://www.legislation.gov.uk/id/asp/2015/11
Human Trafficking and Exploitation (Scotland) Act;year=2015;context=http://www.legislation.gov.uk/id/asp/2015/12
Harbours (Scotland) Act;year=2015;context=http://www.legislation.gov.uk/id/asp/2015/13
Criminal Justice (Scotland) Act;year=2016;context=http://www.legislation.gov.uk/id/asp/2016/1
Inquiries into Fatal Accidents and Sudden Deaths etc. (Scotland) Act;year=2016;context=http://www.legislation.gov.uk/id/asp/2016/2
Smoking Prohibition (Children in Motor Vehicles) (Scotland) Act;year=2016;context=http://www.legislation.gov.uk/id/asp/2016/3
Interests of Members of the Scottish Parliament (Amendment) Act;year=2016;context=http://www.legislation.gov.uk/id/asp/2016/4
Apologies (Scotland) Act;year=2016;context=http://www.legislation.gov.uk/id/asp/2016/5
National Galleries of Scotland Act;year=2016;context=http://www.legislation.gov.uk/id/asp/2016/6
Succession (Scotland) Act;year=2016;context=http://www.legislation.gov.uk/id/asp/2016/7
Education (Scotland) Act;year=2016;context=http://www.legislation.gov.uk/id/asp/2016/8
Carers (Scotland) Act;year=2016;context=http://www.legislation.gov.uk/id/asp/2016/9
Community Justice (Scotland) Act;year=2016;context=http://www.legislation.gov.uk/id/asp/2016/10
Land and Buildings Transaction Tax (Amendment) (Scotland) Act;year=2016;context=http://www.legislation.gov.uk/id/asp/2016/11
Budget (Scotland) Act;year=2016;context=http://www.legislation.gov.uk/id/asp/2016/12
Scottish Elections (Dates) Act;year=2016;context=http://www.legislation.gov.uk/id/asp/2016/13
Health (Tobacco, Nicotine etc. and Care) (Scotland) Act;year=2016;context=http://www.legislation.gov.uk/id/asp/2016/14
Higher Education Governance (Scotland) Act;year=2016;context=http://www.legislation.gov.uk/id/asp/2016/15
Lobbying (Scotland) Act;year=2016;context=http://www.legislation.gov.uk/id/asp/2016/16
Scottish Fiscal Commission Act;year=2016;context=http://www.legislation.gov.uk/id/asp/2016/17
Land Reform (Scotland) Act;year=2016;context=http://www.legislation.gov.uk/id/asp/2016/18
Private Housing (Tenancies) (Scotland) Act;year=2016;context=http://www.legislation.gov.uk/id/asp/2016/19
Burial and Cremation (Scotland) Act;year=2016;context=http://www.legislation.gov.uk/id/asp/2016/20
Bankruptcy (Scotland) Act;year=2016;context=http://www.legislation.gov.uk/id/asp/2016/21
Abusive Behaviour and Sexual Harm (Scotland) Act;year=2016;context=http://www.legislation.gov.uk/id/asp/2016/22
